--------------------------------------------------------------------   To discover new routes in the angular app use "npm run scully -- --scanRoutes"Using stored unhandled routes!.



----------------------------------   To discover new routes in the angular app use "npm run scully -- --scanRoutes"----------------------------------Using stored unhandled routes!.



----------------------------------Using stored unhandled routes!.   To discover new routes in the angular app use "npm run scully -- --scanRoutes"----------------------------------



----------------------------------   To discover new routes in the angular app use "npm run scully -- --scanRoutes"----------------------------------Using stored unhandled routes!.



----------------------------------Using stored unhandled routes!.   To discover new routes in the angular app use "npm run scully -- --scanRoutes"----------------------------------



----------------------------------   To discover new routes in the angular app use "npm run scully -- --scanRoutes"----------------------------------Using stored unhandled routes!.



Using stored unhandled routes!.   To discover new routes in the angular app use "npm run scully -- --scanRoutes"--------------------------------------------------------------------



--------------------------------------------------------------------   To discover new routes in the angular app use "npm run scully -- --scanRoutes"Using stored unhandled routes!.



----------------------------------Using stored unhandled routes!.   To discover new routes in the angular app use "npm run scully -- --scanRoutes"----------------------------------



----------------------------------   To discover new routes in the angular app use "npm run scully -- --scanRoutes"----------------------------------Using stored unhandled routes!.



----------------------------------Using stored unhandled routes!.   To discover new routes in the angular app use "npm run scully -- --scanRoutes"----------------------------------



----------------------------------Using stored unhandled routes!.   To discover new routes in the angular app use "npm run scully -- --scanRoutes"----------------------------------



----------------------------------Using stored unhandled routes!.   To discover new routes in the angular app use "npm run scully -- --scanRoutes"----------------------------------



Using stored unhandled routes!.--------------------------------------------------------------------   To discover new routes in the angular app use "npm run scully -- --scanRoutes"



----------------------------------Using stored unhandled routes!.   To discover new routes in the angular app use "npm run scully -- --scanRoutes"----------------------------------



Using stored unhandled routes!.----------------------------------   To discover new routes in the angular app use "npm run scully -- --scanRoutes"----------------------------------




      ----------------
      Error, missing "<scully-content>" in route "/blog/2021-12-03-blog"
      without <scully-content> we can not render this route.
      Make sure it is in there, and not inside any conditionals (*ngIf)
      You can check this by opening "http://localhost:4200/blog/2021-12-03-blog"
      when you serve your app with ng serve and then in the browsers console run:
      document.querySelector('scully-content')
      ----------------
      
      ----------------
      Error, missing "<scully-content>" in route "/blog/this-is-my-post"
      without <scully-content> we can not render this route.
      Make sure it is in there, and not inside any conditionals (*ngIf)
      You can check this by opening "http://localhost:4200/blog/this-is-my-post"
      when you serve your app with ng serve and then in the browsers console run:
      document.querySelector('scully-content')
      ----------------
      
      ----------------
      Error, missing "<scully-content>" in route "/blog/this-is-my-post"
      without <scully-content> we can not render this route.
      Make sure it is in there, and not inside any conditionals (*ngIf)
      You can check this by opening "http://localhost:4200/blog/this-is-my-post"
      when you serve your app with ng serve and then in the browsers console run:
      document.querySelector('scully-content')
      ----------------
      
      ----------------
      Error, missing "<scully-content>" in route "/blog/2021-12-03-blog"
      without <scully-content> we can not render this route.
      Make sure it is in there, and not inside any conditionals (*ngIf)
      You can check this by opening "http://localhost:4200/blog/2021-12-03-blog"
      when you serve your app with ng serve and then in the browsers console run:
      document.querySelector('scully-content')
      ----------------
      
      ----------------
      Error, missing "<scully-content>" in route "/blog/2021-12-03-blog"
      without <scully-content> we can not render this route.
      Make sure it is in there, and not inside any conditionals (*ngIf)
      You can check this by opening "http://localhost:4200/blog/2021-12-03-blog"
      when you serve your app with ng serve and then in the browsers console run:
      document.querySelector('scully-content')
      ----------------
      
      ----------------
      Error, missing "<scully-content>" in route "/blog/this-is-my-post"
      without <scully-content> we can not render this route.
      Make sure it is in there, and not inside any conditionals (*ngIf)
      You can check this by opening "http://localhost:4200/blog/this-is-my-post"
      when you serve your app with ng serve and then in the browsers console run:
      document.querySelector('scully-content')
      ----------------
      
      ----------------
      Error, missing "<scully-content>" in route "/blog/this-is-my-post"
      without <scully-content> we can not render this route.
      Make sure it is in there, and not inside any conditionals (*ngIf)
      You can check this by opening "http://localhost:4200/blog/this-is-my-post"
      when you serve your app with ng serve and then in the browsers console run:
      document.querySelector('scully-content')
      ----------------
      
Using deprecated plugin type:"render"  use "postProcessByHtml" instead
----------------------------------   To discover new routes in the angular app use "npm run scully -- --scanRoutes"----------------------------------Using stored unhandled routes!.



Using deprecated plugin type:"render"  use "postProcessByHtml" instead
----------------------------------Using stored unhandled routes!.   To discover new routes in the angular app use "npm run scully -- --scanRoutes"----------------------------------



Using deprecated plugin type:"render"  use "postProcessByHtml" instead
No configuration for route "/blog/:slug" found. Skipping
Using deprecated plugin type:"render"  use "postProcessByHtml" instead
No configuration for route "/blog/:slug" found. Skipping
Using deprecated plugin type:"render"  use "postProcessByHtml" instead
Using deprecated plugin type:"render"  use "postProcessByHtml" instead
Using deprecated plugin type:"render"  use "postProcessByHtml" instead
Using deprecated plugin type:"render"  use "postProcessByHtml" instead
Using deprecated plugin type:"render"  use "postProcessByHtml" instead
Using deprecated plugin type:"render"  use "postProcessByHtml" instead
Using deprecated plugin type:"render"  use "postProcessByHtml" instead
Using deprecated plugin type:"render"  use "postProcessByHtml" instead
Using deprecated plugin type:"render"  use "postProcessByHtml" instead
Using deprecated plugin type:"render"  use "postProcessByHtml" instead
handleUnknownRoute: "/blog/post2/_", 404:""
Route "/blog/post2\_" not provided by angular app
      ----------------
      Error, missing "<scully-content>" in route "/blog/post2\_"
      without <scully-content> we can not render this route.
      Make sure it is in there, and not inside any conditionals (*ngIf)
      You can check this by opening "http://localhost:4200/blog/post2\_"
      when you serve your app with ng serve and then in the browsers console run:
      document.querySelector('scully-content')
      ----------------
      

handleUnknownRoute: "/blog/post2_/", 404:""
Route "/blog/post2_\" not provided by angular app
      ----------------
      Error, missing "<scully-content>" in route "/blog/post2_\"
      without <scully-content> we can not render this route.
      Make sure it is in there, and not inside any conditionals (*ngIf)
      You can check this by opening "http://localhost:4200/blog/post2_\"
      when you serve your app with ng serve and then in the browsers console run:
      document.querySelector('scully-content')
      ----------------
      

handleUnknownRoute: "/blog/post2_/_", 404:""
Route "/blog/post2_\_" not provided by angular app
      ----------------
      Error, missing "<scully-content>" in route "/blog/post2_\_"
      without <scully-content> we can not render this route.
      Make sure it is in there, and not inside any conditionals (*ngIf)
      You can check this by opening "http://localhost:4200/blog/post2_\_"
      when you serve your app with ng serve and then in the browsers console run:
      document.querySelector('scully-content')
      ----------------
      

Using deprecated plugin type:"render"  use "postProcessByHtml" instead
Using deprecated plugin type:"render"  use "postProcessByHtml" instead
Using deprecated plugin type:"render"  use "postProcessByHtml" instead
No configuration for route "/blog/:slug" found. Skipping
Using deprecated plugin type:"render"  use "postProcessByHtml" instead
Using deprecated plugin type:"render"  use "postProcessByHtml" instead
Using deprecated plugin type:"render"  use "postProcessByHtml" instead
Using deprecated plugin type:"render"  use "postProcessByHtml" instead
The option outDir isn't configured, using default folder ".\dist\static\".
      =====================================================================================================
      Config file ".\scully.decentral-school.config.ts" not found, only rendering routes without parameters
      The config file should have a name that is formated as:
          scully.<projectName>.config.ts
      where <projectName> is the name of the project as defined in the 'angular.json' file
      If you meant to build a different project as undefined you can use:
          --project differentProjectName as a cmd line option

      When you are in a mixed mono-repo you might need to use the --pjFirst flag.
       which will look for package.json instead of angular.json to find the 'root' of the project.
    =====================================================================================================
 Deprication Notice:
       ======================================================================
         From now on, the plugin that is being used to render a route is
         able to be changed by the user. You can do this by adding or
         enabling the plugin in the scully.json file. For your convenience,
         we loaded the Puppeteer plugin for you.

         To disable this warning enable the plugin of your choiche.
         for Puppteer please add:
             import '@scullyio/scully-plugin-puppeteer';
          to your scully.decentral-school.config.ts file.

          When you get this waring while not using scully-plugin-puppeteer
          you need to set the defaultRouteRenderer to the name of your plugin.
          The defaultRouteRenderer is now set to 'routeRenderer'.
       ======================================================================No routes defined in ""



No configuration for route "/blog/:slug" found. Skipping
The option outDir isn't configured, using default folder ".\dist\static\". Deprication Notice:
       ======================================================================
         From now on, the plugin that is being used to render a route is
         able to be changed by the user. You can do this by adding or
         enabling the plugin in the scully.json file. For your convenience,
         we loaded the Puppeteer plugin for you.

         To disable this warning enable the plugin of your choiche.
         for Puppteer please add:
             import '@scullyio/scully-plugin-puppeteer';
          to your scully.decentral-school.config.ts file.

          When you get this waring while not using scully-plugin-puppeteer
          you need to set the defaultRouteRenderer to the name of your plugin.
          The defaultRouteRenderer is now set to 'routeRenderer'.
       ======================================================================
      =====================================================================================================
      Config file ".\scully.decentral-school.config.ts" not found, only rendering routes without parameters
      The config file should have a name that is formated as:
          scully.<projectName>.config.ts
      where <projectName> is the name of the project as defined in the 'angular.json' file
      If you meant to build a different project as undefined you can use:
          --project differentProjectName as a cmd line option

      When you are in a mixed mono-repo you might need to use the --pjFirst flag.
       which will look for package.json instead of angular.json to find the 'root' of the project.
    =====================================================================================================
No routes defined in ""




      =====================================================================================================
      Config file ".\scully.decentral-school.config.ts" not found, only rendering routes without parameters
      The config file should have a name that is formated as:
          scully.<projectName>.config.ts
      where <projectName> is the name of the project as defined in the 'angular.json' file
      If you meant to build a different project as undefined you can use:
          --project differentProjectName as a cmd line option

      When you are in a mixed mono-repo you might need to use the --pjFirst flag.
       which will look for package.json instead of angular.json to find the 'root' of the project.
    =====================================================================================================
The option outDir isn't configured, using default folder ".\dist\static\".No routes defined in "" Deprication Notice:
       ======================================================================
         From now on, the plugin that is being used to render a route is
         able to be changed by the user. You can do this by adding or
         enabling the plugin in the scully.json file. For your convenience,
         we loaded the Puppeteer plugin for you.

         To disable this warning enable the plugin of your choiche.
         for Puppteer please add:
             import '@scullyio/scully-plugin-puppeteer';
          to your scully.decentral-school.config.ts file.

          When you get this waring while not using scully-plugin-puppeteer
          you need to set the defaultRouteRenderer to the name of your plugin.
          The defaultRouteRenderer is now set to 'routeRenderer'.
       ======================================================================



No configuration for route "/blog/:slug" found. Skipping

      =====================================================================================================
      Config file ".\scully.decentral-school.config.ts" not found, only rendering routes without parameters
      The config file should have a name that is formated as:
          scully.<projectName>.config.ts
      where <projectName> is the name of the project as defined in the 'angular.json' file
      If you meant to build a different project as undefined you can use:
          --project differentProjectName as a cmd line option

      When you are in a mixed mono-repo you might need to use the --pjFirst flag.
       which will look for package.json instead of angular.json to find the 'root' of the project.
    =====================================================================================================
The option outDir isn't configured, using default folder ".\dist\static\". Deprication Notice:
       ======================================================================
         From now on, the plugin that is being used to render a route is
         able to be changed by the user. You can do this by adding or
         enabling the plugin in the scully.json file. For your convenience,
         we loaded the Puppeteer plugin for you.

         To disable this warning enable the plugin of your choiche.
         for Puppteer please add:
             import '@scullyio/scully-plugin-puppeteer';
          to your scully.decentral-school.config.ts file.

          When you get this waring while not using scully-plugin-puppeteer
          you need to set the defaultRouteRenderer to the name of your plugin.
          The defaultRouteRenderer is now set to 'routeRenderer'.
       ======================================================================No routes defined in ""



No configuration for route "/blog/:slug" found. SkippingNo configuration for route "/blog/:slug/**" found. Skipping


      =====================================================================================================
      Config file ".\scully.decentral-school.config.ts" not found, only rendering routes without parameters
      The config file should have a name that is formated as:
          scully.<projectName>.config.ts
      where <projectName> is the name of the project as defined in the 'angular.json' file
      If you meant to build a different project as undefined you can use:
          --project differentProjectName as a cmd line option

      When you are in a mixed mono-repo you might need to use the --pjFirst flag.
       which will look for package.json instead of angular.json to find the 'root' of the project.
    =====================================================================================================
The option outDir isn't configured, using default folder ".\dist\static\".No routes defined in "" Deprication Notice:
       ======================================================================
         From now on, the plugin that is being used to render a route is
         able to be changed by the user. You can do this by adding or
         enabling the plugin in the scully.json file. For your convenience,
         we loaded the Puppeteer plugin for you.

         To disable this warning enable the plugin of your choiche.
         for Puppteer please add:
             import '@scullyio/scully-plugin-puppeteer';
          to your scully.decentral-school.config.ts file.

          When you get this waring while not using scully-plugin-puppeteer
          you need to set the defaultRouteRenderer to the name of your plugin.
          The defaultRouteRenderer is now set to 'routeRenderer'.
       ======================================================================



No configuration for route "/blog/:slug" found. Skipping

      =====================================================================================================
      Config file ".\scully.decentral-school.config.ts" not found, only rendering routes without parameters
      The config file should have a name that is formated as:
          scully.<projectName>.config.ts
      where <projectName> is the name of the project as defined in the 'angular.json' file
      If you meant to build a different project as undefined you can use:
          --project differentProjectName as a cmd line option

      When you are in a mixed mono-repo you might need to use the --pjFirst flag.
       which will look for package.json instead of angular.json to find the 'root' of the project.
    =====================================================================================================
The option outDir isn't configured, using default folder ".\dist\static\".No routes defined in "" Deprication Notice:
       ======================================================================
         From now on, the plugin that is being used to render a route is
         able to be changed by the user. You can do this by adding or
         enabling the plugin in the scully.json file. For your convenience,
         we loaded the Puppeteer plugin for you.

         To disable this warning enable the plugin of your choiche.
         for Puppteer please add:
             import '@scullyio/scully-plugin-puppeteer';
          to your scully.decentral-school.config.ts file.

          When you get this waring while not using scully-plugin-puppeteer
          you need to set the defaultRouteRenderer to the name of your plugin.
          The defaultRouteRenderer is now set to 'routeRenderer'.
       ======================================================================



No configuration for route "/blog/:slug" found. Skipping

      =====================================================================================================
      Config file ".\scully.decentral-school.config.ts" not found, only rendering routes without parameters
      The config file should have a name that is formated as:
          scully.<projectName>.config.ts
      where <projectName> is the name of the project as defined in the 'angular.json' file
      If you meant to build a different project as undefined you can use:
          --project differentProjectName as a cmd line option

      When you are in a mixed mono-repo you might need to use the --pjFirst flag.
       which will look for package.json instead of angular.json to find the 'root' of the project.
    =====================================================================================================
The option outDir isn't configured, using default folder ".\dist\static\".No routes defined in "" Deprication Notice:
       ======================================================================
         From now on, the plugin that is being used to render a route is
         able to be changed by the user. You can do this by adding or
         enabling the plugin in the scully.json file. For your convenience,
         we loaded the Puppeteer plugin for you.

         To disable this warning enable the plugin of your choiche.
         for Puppteer please add:
             import '@scullyio/scully-plugin-puppeteer';
          to your scully.decentral-school.config.ts file.

          When you get this waring while not using scully-plugin-puppeteer
          you need to set the defaultRouteRenderer to the name of your plugin.
          The defaultRouteRenderer is now set to 'routeRenderer'.
       ======================================================================



No configuration for route "/blog/:slug" found. Skipping
 Deprication Notice:
       ======================================================================
         From now on, the plugin that is being used to render a route is
         able to be changed by the user. You can do this by adding or
         enabling the plugin in the scully.json file. For your convenience,
         we loaded the Puppeteer plugin for you.

         To disable this warning enable the plugin of your choiche.
         for Puppteer please add:
             import '@scullyio/scully-plugin-puppeteer';
          to your scully.decentral-school.config.ts file.

          When you get this waring while not using scully-plugin-puppeteer
          you need to set the defaultRouteRenderer to the name of your plugin.
          The defaultRouteRenderer is now set to 'routeRenderer'.
       ======================================================================
 Deprication Notice:
       ======================================================================
         From now on, the plugin that is being used to render a route is
         able to be changed by the user. You can do this by adding or
         enabling the plugin in the scully.json file. For your convenience,
         we loaded the Puppeteer plugin for you.

         To disable this warning enable the plugin of your choiche.
         for Puppteer please add:
             import '@scullyio/scully-plugin-puppeteer';
          to your scully.decentral-school.config.ts file.

          When you get this waring while not using scully-plugin-puppeteer
          you need to set the defaultRouteRenderer to the name of your plugin.
          The defaultRouteRenderer is now set to 'routeRenderer'.
       ======================================================================
 Deprication Notice:
       ======================================================================
         From now on, the plugin that is being used to render a route is
         able to be changed by the user. You can do this by adding or
         enabling the plugin in the scully.json file. For your convenience,
         we loaded the Puppeteer plugin for you.

         To disable this warning enable the plugin of your choiche.
         for Puppteer please add:
             import '@scullyio/scully-plugin-puppeteer';
          to your scully.decentral-school.config.ts file.

          When you get this waring while not using scully-plugin-puppeteer
          you need to set the defaultRouteRenderer to the name of your plugin.
          The defaultRouteRenderer is now set to 'routeRenderer'.
       ======================================================================

      ----------------
      Error, missing "<scully-content>" in route "/blog/this-is-my-post"
      without <scully-content> we can not render this route.
      Make sure it is in there, and not inside any conditionals (*ngIf)
      You can check this by opening "http://localhost:4200/blog/this-is-my-post"
      when you serve your app with ng serve and then in the browsers console run:
      document.querySelector('scully-content')
      ----------------
      No configuration for route "/:slug" found. SkippingNo configuration for route "/:slug/**" found. Skipping

No configuration for route "//:slug/**" found. SkippingNo configuration for route "//:slug" found. Skipping

No configuration for route "/:slug" found. SkippingNo configuration for route "/:slug/**" found. Skipping

The file .\blog\nft\nft-for-beginners has extension  that has no plugin defined, scully will skip this file.
The file .\blog\nft\nft-for-beginners has extension  that has no plugin defined, scully will skip this file.
The file .\blog\nft\nft-for-beginners has extension  that has no plugin defined, scully will skip this file.
No configuration for route "/:slug" found. Skipping
No configuration for route "/:slug" found. Skipping

      ----------------
      Error, missing "<scully-content>" in route "/blockchain/blockchain-for-beginners"
      without <scully-content> we can not render this route.
      Make sure it is in there, and not inside any conditionals (*ngIf)
      You can check this by opening "http://localhost:4200/blockchain/blockchain-for-beginners"
      when you serve your app with ng serve and then in the browsers console run:
      document.querySelector('scully-content')
      ----------------
      
      ----------------
      Error, missing "<scully-content>" in route "/bitcoin/bitcoin-for-beginners"
      without <scully-content> we can not render this route.
      Make sure it is in there, and not inside any conditionals (*ngIf)
      You can check this by opening "http://localhost:4200/bitcoin/bitcoin-for-beginners"
      when you serve your app with ng serve and then in the browsers console run:
      document.querySelector('scully-content')
      ----------------
      
      ----------------
      Error, missing "<scully-content>" in route "/crypto/ico-for-beginners"
      without <scully-content> we can not render this route.
      Make sure it is in there, and not inside any conditionals (*ngIf)
      You can check this by opening "http://localhost:4200/crypto/ico-for-beginners"
      when you serve your app with ng serve and then in the browsers console run:
      document.querySelector('scully-content')
      ----------------
      
      ----------------
      Error, missing "<scully-content>" in route "/crypto/introduction-crytpto-wallets"
      without <scully-content> we can not render this route.
      Make sure it is in there, and not inside any conditionals (*ngIf)
      You can check this by opening "http://localhost:4200/crypto/introduction-crytpto-wallets"
      when you serve your app with ng serve and then in the browsers console run:
      document.querySelector('scully-content')
      ----------------
      




      ----------------
      Error, missing "<scully-content>" in route "/ethereum/ethereum-for-beginners"
      without <scully-content> we can not render this route.
      Make sure it is in there, and not inside any conditionals (*ngIf)
      You can check this by opening "http://localhost:4200/ethereum/ethereum-for-beginners"
      when you serve your app with ng serve and then in the browsers console run:
      document.querySelector('scully-content')
      ----------------
      
      ----------------
      Error, missing "<scully-content>" in route "/nft/nft-for-beginners"
      without <scully-content> we can not render this route.
      Make sure it is in there, and not inside any conditionals (*ngIf)
      You can check this by opening "http://localhost:4200/nft/nft-for-beginners"
      when you serve your app with ng serve and then in the browsers console run:
      document.querySelector('scully-content')
      ----------------
      No configuration for route "/:slug" found. Skipping
handleUnknownRoute: "/_/_bitcoin_/__bitcoin-for-beginners", 404:""
Route "/_\_bitcoin_\__bitcoin-for-beginners" not provided by angular apphandleUnknownRoute: "//_bitcoin/_bitcoin-for-beginners", 404:""
Route "/\_bitcoin\_bitcoin-for-beginners" not provided by angular apphandleUnknownRoute: "/bitcoin_//_bitcoin-for-beginners", 404:""
Route "/bitcoin_\\_bitcoin-for-beginners" not provided by angular apphandleUnknownRoute: "/bitcoin/_bitcoin-for-beginners", 404:""
Route "/bitcoin\_bitcoin-for-beginners" not provided by angular apphandleUnknownRoute: "/bitcoin_/bitcoin-for-beginners", 404:""
Route "/bitcoin_\bitcoin-for-beginners" not provided by angular apphandleUnknownRoute: "/bitcoin/_/bitcoin-for-beginners", 404:""
Route "/bitcoin\_\bitcoin-for-beginners" not provided by angular apphandleUnknownRoute: "/bitcoin/__bitcoin-for-beginners", 404:""
Route "/bitcoin\__bitcoin-for-beginners" not provided by angular apphandleUnknownRoute: "/bitcoin/_/bitcoin-for-beginners", 404:""
Route "/bitcoin\_\bitcoin-for-beginners" not provided by angular apphandleUnknownRoute: "/bitcoin_/_bitcoin-for-beginners", 404:""
Route "/bitcoin_\_bitcoin-for-beginners" not provided by angular apphandleUnknownRoute: "/bitcoin/__bitcoin-for-beginners", 404:""
Route "/bitcoin\__bitcoin-for-beginners" not provided by angular apphandleUnknownRoute: "/String.raw%60bitcoin_bitcoin-for-beginners%60", 404:""
Route "/String.raw`bitcoin_bitcoin-for-beginners`" not provided by angular apphandleUnknownRoute: "/bitcoin__//bitcoin-for-beginners", 404:""
Route "/bitcoin__\\bitcoin-for-beginners" not provided by angular apphandleUnknownRoute: "/bitcoin//_bitcoin-for-beginners", 404:""
Route "/bitcoin\\_bitcoin-for-beginners" not provided by angular apphandleUnknownRoute: "/bitcoin_/_bitcoin-for-beginners", 404:""
Route "/bitcoin_\_bitcoin-for-beginners" not provided by angular app